0 info it worked if it ends with ok
1 verbose cli [ 'C:\\Program Files\\nodejs\\node.exe',
1 verbose cli   'C:\\Program Files\\nodejs\\node_modules\\npm\\bin\\npm-cli.js',
1 verbose cli   'run',
1 verbose cli   'e2e-test' ]
2 info using npm@3.10.10
3 info using node@v6.11.0
4 verbose run-script [ 'pree2e-test', 'e2e-test', 'poste2e-test' ]
5 info lifecycle todo-application@1.0.0~pree2e-test: todo-application@1.0.0
6 silly lifecycle todo-application@1.0.0~pree2e-test: no script for pree2e-test, continuing
7 info lifecycle todo-application@1.0.0~e2e-test: todo-application@1.0.0
8 verbose lifecycle todo-application@1.0.0~e2e-test: unsafe-perm in lifecycle true
9 verbose lifecycle todo-application@1.0.0~e2e-test: PATH: C:\Program Files\nodejs\node_modules\npm\bin\node-gyp-bin;C:\Users\Vee\Development\shared\todo-application\node_modules\.bin;C:\Program Files\Git\mingw64\bin;C:\Program Files\Git\usr\bin;C:\Users\Vee\bin;C:\ProgramData\Oracle\Java\javapath;C:\WINDOWS\system32;C:\WINDOWS;C:\WINDOWS\System32\Wbem;C:\WINDOWS\System32\WindowsPowerShell\v1.0;C:\Program Files (x86)\NVIDIA Corporation\PhysX\Common;C:\Program Files\Calibre2;C:\WINDOWS\system32;C:\WINDOWS;C:\WINDOWS\System32\Wbem;C:\WINDOWS\System32\WindowsPowerShell\v1.0;C:\Program Files\nodejs;C:\Program Files\Git\cmd;C:\Program Files\Java\jdk1.8.0_131\bin\bin;C:\Users\Vee\AppData\Local\Microsoft\WindowsApps;C:\Program Files\Docker Toolbox;C:\Users\Vee\AppData\Roaming\npm
10 verbose lifecycle todo-application@1.0.0~e2e-test: CWD: C:\Users\Vee\Development\shared\todo-application
11 silly lifecycle todo-application@1.0.0~e2e-test: Args: [ '/d /s /c', 'protractor protractor.config.js' ]
12 silly lifecycle todo-application@1.0.0~e2e-test: Returned: code: 1  signal: null
13 info lifecycle todo-application@1.0.0~e2e-test: Failed to exec e2e-test script
14 verbose stack Error: todo-application@1.0.0 e2e-test: `protractor protractor.config.js`
14 verbose stack Exit status 1
14 verbose stack     at EventEmitter.<anonymous> (C:\Program Files\nodejs\node_modules\npm\lib\utils\lifecycle.js:255:16)
14 verbose stack     at emitTwo (events.js:106:13)
14 verbose stack     at EventEmitter.emit (events.js:191:7)
14 verbose stack     at ChildProcess.<anonymous> (C:\Program Files\nodejs\node_modules\npm\lib\utils\spawn.js:40:14)
14 verbose stack     at emitTwo (events.js:106:13)
14 verbose stack     at ChildProcess.emit (events.js:191:7)
14 verbose stack     at maybeClose (internal/child_process.js:891:16)
14 verbose stack     at Process.ChildProcess._handle.onexit (internal/child_process.js:226:5)
15 verbose pkgid todo-application@1.0.0
16 verbose cwd C:\Users\Vee\Development\shared\todo-application
17 error Windows_NT 10.0.15063
18 error argv "C:\\Program Files\\nodejs\\node.exe" "C:\\Program Files\\nodejs\\node_modules\\npm\\bin\\npm-cli.js" "run" "e2e-test"
19 error node v6.11.0
20 error npm  v3.10.10
21 error code ELIFECYCLE
22 error todo-application@1.0.0 e2e-test: `protractor protractor.config.js`
22 error Exit status 1
23 error Failed at the todo-application@1.0.0 e2e-test script 'protractor protractor.config.js'.
23 error Make sure you have the latest version of node.js and npm installed.
23 error If you do, this is most likely a problem with the todo-application package,
23 error not with npm itself.
23 error Tell the author that this fails on your system:
23 error     protractor protractor.config.js
23 error You can get information on how to open an issue for this project with:
23 error     npm bugs todo-application
23 error Or if that isn't available, you can get their info via:
23 error     npm owner ls todo-application
23 error There is likely additional logging output above.
24 verbose exit [ 1, true ]
